# JRE version: OpenJDK Runtime Environment (18.0+36) (build 18+36-2087)
# Java VM: OpenJDK 64-Bit Server VM (18+36-2087, mixed mode, emulated-client, sharing, tiered, compressed oops, compressed class ptrs, g1 gc, windows-amd64)
GC Precious Log:
 CardTable entry size: 512
 Card Set container configuration: InlinePtr #cards 5 size 8 Array Of Cards #cards 12 size 40 Howl #buckets 4 coarsen threshold 1843 Howl Bitmap #cards 512 size 80 coarsen threshold 460 Card regions per heap region 1 cards per card region 2048
 CPUs: 8 total, 8 available
 Memory: 6017M
 Large Page Support: Disabled
 NUMA Support: Disabled
 Compressed Oops: Enabled (32-bit)
 Heap Region Size: 1M
 Heap Min Capacity: 8M
 Heap Initial Capacity: 96M
 Heap Max Capacity: 1506M
 Pre-touch: Disabled
 Parallel Workers: 8
 Concurrent Workers: 2
 Concurrent Refinement Workers: 8
 Periodic GC: Disabled
Heap:
 garbage-first heap   total 75776K, used 20443K [0x00000000a1e00000, 0x0000000100000000)
  region size 1024K, 3 young (3072K), 3 survivors (3072K)
 Metaspace       used 34253K, committed 34688K, reserved 1114112K
  class space    used 4598K, committed 4800K, reserved 1048576K
GC Heap History (13 events):
Event: 1.287 GC heap before
{Heap before GC invocations=0 (full 0):
 garbage-first heap   total 98304K, used 24576K [0x00000000a1e00000, 0x0000000100000000)
  region size 1024K, 23 young (23552K), 0 survivors (0K)
 Metaspace       used 7973K, committed 8256K, reserved 1114112K
  class space    used 969K, committed 1088K, reserved 1048576K
}
Event: 1.298 GC heap after
{Heap after GC invocations=1 (full 0):
 garbage-first heap   total 98304K, used 8040K [0x00000000a1e00000, 0x0000000100000000)
  region size 1024K, 3 young (3072K), 3 survivors (3072K)
 Metaspace       used 7973K, committed 8256K, reserved 1114112K
  class space    used 969K, committed 1088K, reserved 1048576K
}
Event: 1.684 GC heap before
{Heap before GC invocations=1 (full 0):
 garbage-first heap   total 98304K, used 26472K [0x00000000a1e00000, 0x0000000100000000)
  region size 1024K, 21 young (21504K), 3 survivors (3072K)
 Metaspace       used 12039K, committed 12352K, reserved 1114112K
  class space    used 1550K, committed 1664K, reserved 1048576K
}
Event: 1.689 GC heap after
{Heap after GC invocations=2 (full 0):
 garbage-first heap   total 98304K, used 9588K [0x00000000a1e00000, 0x0000000100000000)
  region size 1024K, 2 young (2048K), 2 survivors (2048K)
 Metaspace       used 12039K, committed 12352K, reserved 1114112K
  class space    used 1550K, committed 1664K, reserved 1048576K
}
Event: 2.341 GC heap before
{Heap before GC invocations=2 (full 0):
 garbage-first heap   total 98304K, used 47476K [0x00000000a1e00000, 0x0000000100000000)
  region size 1024K, 40 young (40960K), 2 survivors (2048K)
 Metaspace       used 17367K, committed 17728K, reserved 1114112K
  class space    used 2248K, committed 2432K, reserved 1048576K
}
Event: 2.346 GC heap after
{Heap after GC invocations=3 (full 0):
 garbage-first heap   total 98304K, used 11726K [0x00000000a1e00000, 0x0000000100000000)
  region size 1024K, 4 young (4096K), 4 survivors (4096K)
 Metaspace       used 17367K, committed 17728K, reserved 1114112K
  class space    used 2248K, committed 2432K, reserved 1048576K
}
Event: 2.919 GC heap before
{Heap before GC invocations=3 (full 0):
 garbage-first heap   total 98304K, used 39374K [0x00000000a1e00000, 0x0000000100000000)
  region size 1024K, 32 young (32768K), 4 survivors (4096K)
 Metaspace       used 21238K, committed 21504K, reserved 1114112K
  class space    used 2828K, committed 2944K, reserved 1048576K
}
Event: 2.931 GC heap after
{Heap after GC invocations=4 (full 0):
 garbage-first heap   total 98304K, used 14336K [0x00000000a1e00000, 0x0000000100000000)
  region size 1024K, 6 young (6144K), 6 survivors (6144K)
 Metaspace       used 21238K, committed 21504K, reserved 1114112K
  class space    used 2828K, committed 2944K, reserved 1048576K
}
Event: 3.863 GC heap before
{Heap before GC invocations=5 (full 0):
 garbage-first heap   total 55296K, used 55296K [0x00000000a1e00000, 0x0000000100000000)
  region size 1024K, 46 young (47104K), 6 survivors (6144K)
 Metaspace       used 26374K, committed 26752K, reserved 1114112K
  class space    used 3487K, committed 3648K, reserved 1048576K
}
Event: 3.874 GC heap after
{Heap after GC invocations=6 (full 0):
 garbage-first heap   total 66560K, used 18205K [0x00000000a1e00000, 0x0000000100000000)
  region size 1024K, 7 young (7168K), 7 survivors (7168K)
 Metaspace       used 26374K, committed 26752K, reserved 1114112K
  class space    used 3487K, committed 3648K, reserved 1048576K
}
Event: 3.896 GC heap before
{Heap before GC invocations=6 (full 0):
 garbage-first heap   total 66560K, used 19229K [0x00000000a1e00000, 0x0000000100000000)
  region size 1024K, 8 young (8192K), 7 survivors (7168K)
 Metaspace       used 26645K, committed 27008K, reserved 1114112K
  class space    used 3521K, committed 3712K, reserved 1048576K
}
Event: 3.901 GC heap after
{Heap after GC invocations=7 (full 0):
 garbage-first heap   total 66560K, used 18412K [0x00000000a1e00000, 0x0000000100000000)
  region size 1024K, 1 young (1024K), 1 survivors (1024K)
 Metaspace       used 26645K, committed 27008K, reserved 1114112K
  class space    used 3521K, committed 3712K, reserved 1048576K
}
Event: 4.859 GC heap before
{Heap before GC invocations=7 (full 0):
 garbage-first heap   total 66560K, used 45036K [0x00000000a1e00000, 0x0000000100000000)
  region size 1024K, 28 young (28672K), 1 survivors (1024K)
 Metaspace       used 34253K, committed 34688K, reserved 1114112K
  class space    used 4598K, committed 4800K, reserved 1048576K
}

